<?xml version="1.0" encoding="UTF-8"?>
<!-- Generated by org.testng.reporters.JUnitReportReporter -->
<testsuite hostname="localhost.localdomain" name="com.test.FactorialTest" tests="3" failures="0" timestamp="16 Feb 2016 18:53:09 GMT" time="0.001" errors="0">
  <testcase name="method1" time="0.001" classname="com.test.FactorialTest"/>
  <testcase name="method2" time="0.000" classname="com.test.FactorialTest"/>
  <testcase name="method3" time="0.000" classname="com.test.FactorialTest"/>
</testsuite> <!-- com.test.FactorialTest -->
