<?xml version="1.0" encoding="UTF-8"?>
<!-- Generated by org.testng.reporters.JUnitReportReporter -->
<testsuite hostname="localhost.localdomain" name="com.test.PalindromeTest" tests="1" failures="0" timestamp="16 Feb 2016 18:53:09 GMT" time="0.002" errors="0">
  <testcase name="method1" time="0.002" classname="com.test.PalindromeTest"/>
</testsuite> <!-- com.test.PalindromeTest -->
