<?xml version="1.0" encoding="UTF-8"?>
<!-- Generated by org.testng.reporters.JUnitReportReporter -->
<testsuite hostname="localhost.localdomain" name="com.test.ArmStrongTest" tests="3" failures="0" timestamp="16 Feb 2016 18:53:09 GMT" time="0.003" errors="0">
  <testcase name="method" time="0.001" classname="com.test.ArmStrongTest"/>
  <testcase name="method" time="0.001" classname="com.test.ArmStrongTest"/>
  <testcase name="method" time="0.001" classname="com.test.ArmStrongTest"/>
</testsuite> <!-- com.test.ArmStrongTest -->
