<?xml version="1.0" encoding="UTF-8"?>
<!-- Generated by org.testng.reporters.JUnitReportReporter -->
<testsuite hostname="localhost.localdomain" name="com.test.PrimeNumberTest" tests="2" failures="0" timestamp="16 Feb 2016 18:53:09 GMT" time="0.011" errors="0">
  <testcase name="negativeTest" time="0.001" classname="com.test.PrimeNumberTest"/>
  <testcase name="positiveTest" time="0.010" classname="com.test.PrimeNumberTest"/>
</testsuite> <!-- com.test.PrimeNumberTest -->
